生成启动时间为 2017/4/5 10:14:44。
     1>项目“D:\project\RCS_Display\RCS_Display\RCS_Display\RCS_Display.vcxproj”在节点 2 上(Build 个目标)。
     1>C:\Program Files (x86)\MSBuild\Microsoft.Cpp\v4.0\V120\Microsoft.CppBuild.targets(935,5): warning MSB8027: Two or more files with the name of moc_filematerialmodel.cpp will produce outputs to the same location. This can lead to an incorrect build result.  The files involved are GeneratedFiles\Debug\moc_filematerialmodel.cpp, GeneratedFiles\Release\moc_filematerialmodel.cpp.
     1>C:\Program Files (x86)\MSBuild\Microsoft.Cpp\v4.0\V120\Microsoft.CppBuild.targets(935,5): warning MSB8027: Two or more files with the name of moc_materialmodel.cpp will produce outputs to the same location. This can lead to an incorrect build result.  The files involved are GeneratedFiles\Debug\moc_materialmodel.cpp, GeneratedFiles\Release\moc_materialmodel.cpp.
     1>C:\Program Files (x86)\MSBuild\Microsoft.Cpp\v4.0\V120\Microsoft.CppBuild.targets(935,5): warning MSB8027: Two or more files with the name of moc_materialviewer.cpp will produce outputs to the same location. This can lead to an incorrect build result.  The files involved are GeneratedFiles\Debug\moc_materialviewer.cpp, GeneratedFiles\Release\moc_materialviewer.cpp.
     1>C:\Program Files (x86)\MSBuild\Microsoft.Cpp\v4.0\V120\Microsoft.CppBuild.targets(935,5): warning MSB8027: Two or more files with the name of moc_rcs_display.cpp will produce outputs to the same location. This can lead to an incorrect build result.  The files involved are GeneratedFiles\Debug\moc_rcs_display.cpp, GeneratedFiles\Release\moc_rcs_display.cpp.
     1>ClCompile:
         C:\Program Files (x86)\Microsoft Visual Studio 12.0\VC\bin\x86_amd64\CL.exe /c /I.\GeneratedFiles /I. /IC:\Qt\Qt5.8.0\5.8\msvc2013_64\include /I.\GeneratedFiles\Debug /IC:\Qt\Qt5.8.0\5.8\msvc2013_64\include\QtCore /IC:\Qt\Qt5.8.0\5.8\msvc2013_64\include\QtGui /IC:\Qt\Qt5.8.0\5.8\msvc2013_64\include\QtWidgets /IC:\Qt\Qt5.8.0\5.8\msvc2013_64\include\QtCharts /IC:\Qt\Qt5.8.0\5.8\msvc2013_64\include\QtXml /Zi /nologo /W1 /WX- /Od /D UNICODE /D WIN32 /D WIN64 /D QT_DLL /D QT_CORE_LIB /D QT_GUI_LIB /D QT_WIDGETS_LIB /D QT_XML_LIB /Gm- /EHsc /MDd /GS /fp:precise /Zc:wchar_t /Zc:forScope /Fo"x64\Debug\\" /Fd"x64\Debug\vc120.pdb" /Gd /TP /errorReport:prompt materialviewer.cpp
         materialviewer.cpp
       Link:
         C:\Program Files (x86)\Microsoft Visual Studio 12.0\VC\bin\x86_amd64\link.exe /ERRORREPORT:PROMPT /OUT:"D:\project\RCS_Display\RCS_Display\x64\Debug\\RCS_Display.exe" /NOLOGO /LIBPATH:C:\Qt\Qt5.8.0\5.8\msvc2013_64\lib qtmaind.lib Qt5Cored.lib Qt5Guid.lib Qt5Widgetsd.lib Qt5Xmld.lib Qt5Chartsd.lib kernel32.lib user32.lib gdi32.lib winspool.lib comdlg32.lib advapi32.lib shell32.lib ole32.lib oleaut32.lib uuid.lib odbc32.lib odbccp32.lib /MANIFEST /MANIFESTUAC:"level='asInvoker' uiAccess='false'" /manifest:embed /DEBUG /PDB:"D:\project\RCS_Display\RCS_Display\x64\Debug\RCS_Display.pdb" /SUBSYSTEM:WINDOWS /TLBID:1 /DYNAMICBASE /NXCOMPAT /IMPLIB:"D:\project\RCS_Display\RCS_Display\x64\Debug\RCS_Display.lib" /MACHINE:X64 x64\Debug\filematerialmodel.obj
         x64\Debug\moc_filematerialmodel.obj
         x64\Debug\moc_materialmodel.obj
         x64\Debug\moc_materialviewer.obj
         x64\Debug\moc_rcs_display.obj
         x64\Debug\qrc_rcs_display.obj
         x64\Debug\main.obj
         x64\Debug\mainwidget.obj
         x64\Debug\materialmodel.obj
         x64\Debug\materialviewer.obj
         x64\Debug\rcs_display.obj
         x64\Debug\snchart.obj
         RCS_Display.vcxproj -> D:\project\RCS_Display\RCS_Display\x64\Debug\RCS_Display.exe
     1>已完成生成项目“D:\project\RCS_Display\RCS_Display\RCS_Display\RCS_Display.vcxproj”(Build 个目标)的操作。

生成成功。

已用时间 00:00:02.11
