d:\project\rcs_display\rcs_display\rcs_display\x64\debug\vc120.pdb
d:\project\rcs_display\rcs_display\rcs_display\x64\debug\snchart.obj
d:\project\rcs_display\rcs_display\rcs_display\x64\debug\rcs_display.obj
d:\project\rcs_display\rcs_display\rcs_display\x64\debug\materialviewer.obj
d:\project\rcs_display\rcs_display\rcs_display\x64\debug\materialmodel.obj
d:\project\rcs_display\rcs_display\rcs_display\x64\debug\mainwidget.obj
d:\project\rcs_display\rcs_display\rcs_display\x64\debug\main.obj
d:\project\rcs_display\rcs_display\rcs_display\x64\debug\moc_rcs_display.obj
d:\project\rcs_display\rcs_display\rcs_display\x64\debug\moc_materialviewer.obj
d:\project\rcs_display\rcs_display\rcs_display\x64\debug\moc_materialmodel.obj
d:\project\rcs_display\rcs_display\rcs_display\x64\debug\moc_filematerialmodel.obj
d:\project\rcs_display\rcs_display\rcs_display\x64\debug\filematerialmodel.obj
d:\project\rcs_display\rcs_display\rcs_display\x64\debug\qrc_rcs_display.obj
d:\project\rcs_display\rcs_display\rcs_display\generatedfiles\debug\moc_rcs_display.cpp
d:\project\rcs_display\rcs_display\rcs_display\generatedfiles\ui_rcs_display.h
d:\project\rcs_display\rcs_display\rcs_display\generatedfiles\debug\moc_filematerialmodel.cpp
d:\project\rcs_display\rcs_display\rcs_display\generatedfiles\debug\moc_materialviewer.cpp
d:\project\rcs_display\rcs_display\rcs_display\generatedfiles\debug\moc_materialmodel.cpp
d:\project\rcs_display\rcs_display\rcs_display\generatedfiles\qrc_rcs_display.cpp
d:\project\rcs_display\rcs_display\x64\debug\rcs_display.ilk
d:\project\rcs_display\rcs_display\x64\debug\rcs_display.exe
d:\project\rcs_display\rcs_display\x64\debug\rcs_display.pdb
d:\project\rcs_display\rcs_display\rcs_display\x64\debug\rcs_display.tlog\cl.command.1.tlog
d:\project\rcs_display\rcs_display\rcs_display\x64\debug\rcs_display.tlog\cl.read.1.tlog
d:\project\rcs_display\rcs_display\rcs_display\x64\debug\rcs_display.tlog\cl.write.1.tlog
d:\project\rcs_display\rcs_display\rcs_display\x64\debug\rcs_display.tlog\custombuild.command.1.tlog
d:\project\rcs_display\rcs_display\rcs_display\x64\debug\rcs_display.tlog\custombuild.read.1.tlog
d:\project\rcs_display\rcs_display\rcs_display\x64\debug\rcs_display.tlog\custombuild.write.1.tlog
d:\project\rcs_display\rcs_display\rcs_display\x64\debug\rcs_display.tlog\link.command.1.tlog
d:\project\rcs_display\rcs_display\rcs_display\x64\debug\rcs_display.tlog\link.read.1.tlog
d:\project\rcs_display\rcs_display\rcs_display\x64\debug\rcs_display.tlog\link.write.1.tlog
